<?xml version="1.0" encoding="UTF-8"?>
<!-- Generated by org.testng.reporters.JUnitReportReporter -->
<testsuite skipped="0" hostname="Jennifer-PC" name="TestCases.HomePageImplemantationTest" tests="2" failures="0" timestamp="2020-08-31T22:35:07 EDT" time="97.357" errors="0">
  <testcase name="basePageNavigation" time="47.198" classname="TestCases.HomePageImplemantationTest"/>
  <system-out/>
  <testcase name="basePageNavigation" time="50.159" classname="TestCases.HomePageImplemantationTest"/>
  <system-out/>
</testsuite> <!-- TestCases.HomePageImplemantationTest -->
