<?xml version="1.0" encoding="UTF-8"?>
<!-- Generated by org.testng.reporters.JUnitReportReporter -->
<testsuite skipped="0" hostname="Jennifer-PC" name="Academy.HomePageImplemantation" tests="2" failures="0" timestamp="2020-08-21T23:15:26 EDT" time="55.558" errors="0">
  <testcase name="basePageNavigation" time="33.463" classname="Academy.HomePageImplemantation"/>
  <system-out/>
  <testcase name="basePageNavigation" time="22.095" classname="Academy.HomePageImplemantation"/>
  <system-out/>
</testsuite> <!-- Academy.HomePageImplemantation -->
