<?xml version="1.0" encoding="UTF-8"?>
<!-- Generated by org.testng.reporters.JUnitReportReporter -->
<testsuite skipped="0" hostname="Jennifer-PC" name="Academy.HomePage" tests="1" failures="0" timestamp="2020-08-21T19:35:22 EDT" time="36.737" errors="0">
  <testcase name="basePageNavigation" time="36.737" classname="Academy.HomePage"/>
  <system-out/>
</testsuite> <!-- Academy.HomePage -->
