<?xml version="1.0" encoding="UTF-8"?>
<!-- Generated by org.testng.reporters.JUnitReportReporter -->
<testsuite skipped="0" hostname="Jennifer-PC" name="Resources.ExtentReportsDemo" tests="1" failures="0" timestamp="2020-08-28T15:23:50 EDT" time="14.960" errors="0">
  <testcase name="intialDemo" time="14.960" classname="Resources.ExtentReportsDemo"/>
  <system-out/>
</testsuite> <!-- Resources.ExtentReportsDemo -->
